== Run the job with four processes ==
make: `main' is up to date.
Hello, world from PE 1
Hello, world from PE 0
Hello, world from PE 2
Hello, world from PE 3
myPE: 0, yval_array[0] = 2.500000
myPE: 0, yval_array[1] = 2.500000
myPE: 0, yval_array[2] = 2.500000
myPE: 0, yval_array[3] = 2.500000
myPE: 0, yval_array[4] = 2.500000
myPE: 0, yval_array[5] = 2.500000
myPE: 0, yval_array[6] = 2.500000
myPE: 0, yval_array[7] = 2.500000
myPE: 0, yval_array[8] = 2.500000
myPE: 0, yval_array[9] = 2.500000
myPE: 0, yval_array[10] = 6.500000
myPE: 0, yval_array[11] = 6.500000
myPE: 0, yval_array[12] = 6.500000
myPE: 0, yval_array[13] = 6.500000
myPE: 0, yval_array[14] = 6.500000
myPE: 0, yval_array[15] = 6.500000
myPE: 0, yval_array[16] = 6.500000
myPE: 0, yval_array[17] = 6.500000
myPE: 0, yval_array[18] = 6.500000
myPE: 0, yval_array[19] = 6.500000
myPE: 0, yval_array[20] = 12.500000
myPE: 0, yval_array[21] = 12.500000
myPE: 0, yval_array[22] = 12.500000
myPE: 0, yval_array[23] = 12.500000
myPE: 0, yval_array[24] = 12.500000
myPE: 0, yval_array[25] = 12.500000
myPE: 0, yval_array[26] = 12.500000
myPE: 0, yval_array[27] = 12.500000
myPE: 0, yval_array[28] = 12.500000
myPE: 0, yval_array[29] = 12.500000
myPE: 0, yval_array[30] = 20.500000
myPE: 0, yval_array[31] = 20.500000
myPE: 0, yval_array[32] = 20.500000
myPE: 0, yval_array[33] = 20.500000
myPE: 0, yval_array[34] = 20.500000
myPE: 0, yval_array[35] = 20.500000
myPE: 0, yval_array[36] = 20.500000
myPE: 0, yval_array[37] = 20.500000
myPE: 0, yval_array[38] = 20.500000
myPE: 0, yval_array[39] = 20.500000
== End of Job ==
