== Run the job with four processes ==
mpicc -fopenmp main.cpp -o main -std=c++11
Hello, world from PE 1
Hello, world from PE 2
Hello, world from PE 3
Hello, world from PE 0
myPE: 0, yval_array[0] = 0.000000
myPE: 0, yval_array[1] = 1.000000
myPE: 0, yval_array[2] = 4.000000
myPE: 0, yval_array[3] = 9.000000
myPE: 0, yval_array[4] = 16.000000
myPE: 0, yval_array[5] = 25.000000
myPE: 0, yval_array[6] = 36.000000
myPE: 0, yval_array[7] = 49.000000
myPE: 0, yval_array[8] = 64.000000
myPE: 0, yval_array[9] = 81.000000
myPE: 0, yval_array[10] = 100.000000
myPE: 0, yval_array[11] = 121.000000
myPE: 0, yval_array[12] = 144.000000
myPE: 0, yval_array[13] = 169.000000
myPE: 0, yval_array[14] = 196.000000
myPE: 0, yval_array[15] = 225.000000
myPE: 0, yval_array[16] = 256.000000
myPE: 0, yval_array[17] = 289.000000
myPE: 0, yval_array[18] = 324.000000
myPE: 0, yval_array[19] = 361.000000
myPE: 0, yval_array[20] = 400.000000
myPE: 0, yval_array[21] = 441.000000
myPE: 0, yval_array[22] = 484.000000
myPE: 0, yval_array[23] = 529.000000
myPE: 0, yval_array[24] = 576.000000
myPE: 0, yval_array[25] = 625.000000
myPE: 0, yval_array[26] = 676.000000
myPE: 0, yval_array[27] = 729.000000
myPE: 0, yval_array[28] = 784.000000
myPE: 0, yval_array[29] = 841.000000
myPE: 0, yval_array[30] = 900.000000
myPE: 0, yval_array[31] = 961.000000
myPE: 0, yval_array[32] = 1024.000000
myPE: 0, yval_array[33] = 1089.000000
myPE: 0, yval_array[34] = 1156.000000
myPE: 0, yval_array[35] = 1225.000000
myPE: 0, yval_array[36] = 1296.000000
myPE: 0, yval_array[37] = 1369.000000
myPE: 0, yval_array[38] = 1444.000000
myPE: 0, yval_array[39] = 1521.000000
== End of Job ==
