== Run the job with four processes ==
mpicc -fopenmp main.cpp -o main -std=c++11
Hello, world from PE 0
Hello, world from PE 1
myPE: 1, sub_xval_array[0] = 0.000000, sub_yval_array[20] = 0.000000
myPE: 1, sub_xval_array[1] = 0.000000, sub_yval_array[21] = 0.000000
myPE: 1, sub_xval_array[2] = 0.000000, sub_yval_array[22] = 0.000000
myPE: 1, sub_xval_array[3] = 0.000000, sub_yval_array[23] = 0.000000
myPE: 1, sub_xval_array[4] = 0.000000, sub_yval_array[24] = 0.000000
myPE: 1, sub_xval_array[5] = 0.000000, sub_yval_array[25] = 0.000000
myPE: 1, sub_xval_array[6] = 0.000000, sub_yval_array[26] = 0.000000
myPE: 1, sub_xval_array[7] = 0.000000, sub_yval_array[27] = 0.000000
myPE: 1, sub_xval_array[8] = 0.000000, sub_yval_array[28] = 0.000000
myPE: 1, sub_xval_array[9] = 0.000000, sub_yval_array[29] = 0.000000
Hello, world from PE 2
Hello, world from PE 3
myPE: 3, sub_xval_array[0] = 0.000000, sub_yval_array[400] = 0.000000
myPE: 3, sub_xval_array[1] = 0.000000, sub_yval_array[441] = 0.000000
myPE: 3, sub_xval_array[2] = 0.000000, sub_yval_array[484] = 0.000000
myPE: 3, sub_xval_array[3] = 0.000000, sub_yval_array[529] = 0.000000
myPE: 3, sub_xval_array[4] = 0.000000, sub_yval_array[576] = 0.000000
myPE: 3, sub_xval_array[5] = 0.000000, sub_yval_array[625] = 0.000000
myPE: 3, sub_xval_array[6] = 0.000000, sub_yval_array[676] = 0.000000
myPE: 3, sub_xval_array[7] = 0.000000, sub_yval_array[729] = 0.000000
myPE: 3, sub_xval_array[8] = 0.000000, sub_yval_array[784] = 0.000000
myPE: 3, sub_xval_array[9] = 0.000000, sub_yval_array[841] = 0.000000
myPE: 0, sub_xval_array[0] = 0.000000, sub_yval_array[0] = 0.000000
myPE: 0, sub_xval_array[1] = 0.000000, sub_yval_array[1] = 0.000000
myPE: 0, sub_xval_array[2] = 0.000000, sub_yval_array[2] = 0.000000
myPE: 0, sub_xval_array[3] = 0.000000, sub_yval_array[3] = 0.000000
myPE: 0, sub_xval_array[4] = 0.000000, sub_yval_array[4] = 0.000000
myPE: 0, sub_xval_array[5] = 0.000000, sub_yval_array[5] = 0.000000
myPE: 0, sub_xval_array[6] = 0.000000, sub_yval_array[6] = 0.000000
myPE: 0, sub_xval_array[7] = 0.000000, sub_yval_array[7] = 0.000000
myPE: 0, sub_xval_array[8] = 0.000000, sub_yval_array[8] = 0.000000
myPE: 0, sub_xval_array[9] = 0.000000, sub_yval_array[9] = 0.000000
myPE: 2, sub_xval_array[0] = 0.000000, sub_yval_array[0] = 0.000000
myPE: 2, sub_xval_array[1] = 0.000000, sub_yval_array[1] = 0.000000
myPE: 2, sub_xval_array[2] = 0.000000, sub_yval_array[4] = 0.000000
myPE: 2, sub_xval_array[3] = 0.000000, sub_yval_array[9] = 0.000000
myPE: 2, sub_xval_array[4] = 0.000000, sub_yval_array[16] = 0.000000
myPE: 2, sub_xval_array[5] = 0.000000, sub_yval_array[25] = 0.000000
myPE: 2, sub_xval_array[6] = 0.000000, sub_yval_array[36] = 0.000000
myPE: 2, sub_xval_array[7] = 0.000000, sub_yval_array[49] = 0.000000
myPE: 2, sub_xval_array[8] = 0.000000, sub_yval_array[64] = 0.000000
myPE: 2, sub_xval_array[9] = 0.000000, sub_yval_array[81] = 0.000000
myPE: 0, yval_array[0] = 0.000000
myPE: 0, yval_array[1] = 0.000000
myPE: 0, yval_array[2] = 0.000000
myPE: 0, yval_array[3] = 0.000000
myPE: 0, yval_array[4] = 0.000000
myPE: 0, yval_array[5] = 0.000000
myPE: 0, yval_array[6] = 0.000000
myPE: 0, yval_array[7] = 0.000000
myPE: 0, yval_array[8] = 0.000000
myPE: 0, yval_array[9] = 0.000000
myPE: 0, yval_array[10] = 0.000000
myPE: 0, yval_array[11] = 0.000000
myPE: 0, yval_array[12] = 0.000000
myPE: 0, yval_array[13] = 0.000000
myPE: 0, yval_array[14] = 0.000000
myPE: 0, yval_array[15] = 0.000000
myPE: 0, yval_array[16] = 0.000000
myPE: 0, yval_array[17] = 0.000000
myPE: 0, yval_array[18] = 0.000000
myPE: 0, yval_array[19] = 0.000000
myPE: 0, yval_array[20] = 0.000000
myPE: 0, yval_array[21] = 0.000000
myPE: 0, yval_array[22] = 0.000000
myPE: 0, yval_array[23] = 0.000000
myPE: 0, yval_array[24] = 0.000000
myPE: 0, yval_array[25] = 0.000000
myPE: 0, yval_array[26] = 0.000000
myPE: 0, yval_array[27] = 0.000000
myPE: 0, yval_array[28] = 0.000000
myPE: 0, yval_array[29] = 0.000000
myPE: 0, yval_array[30] = 0.000000
myPE: 0, yval_array[31] = 0.000000
myPE: 0, yval_array[32] = 0.000000
myPE: 0, yval_array[33] = 0.000000
myPE: 0, yval_array[34] = 0.000000
myPE: 0, yval_array[35] = 0.000000
myPE: 0, yval_array[36] = 0.000000
myPE: 0, yval_array[37] = 0.000000
myPE: 0, yval_array[38] = 0.000000
myPE: 0, yval_array[39] = 0.000000
== End of Job ==
